<?xml version="1.0" encoding="UTF-8"?>
<!-- Generated by org.testng.reporters.JUnitReportReporter -->
<testsuite skipped="0" hostname="SFSIND0510" name="Interview.CacheLookupDemo" tests="1" failures="0" timestamp="12 Jul 2018 13:45:37 GMT" time="31.031" errors="0">
  <testcase name="TestFirstandLastFields" time="31.031" classname="Interview.CacheLookupDemo"/>
</testsuite> <!-- Interview.CacheLookupDemo -->
